Build started 10/07/2014 13:04:42.
     1>Project "C:\Users\Marcus\Documents\GitHub\ScreenSpacedFluidRendering\ScreenSpacedFluidRendering\ScreenSpacedFluidRendering.vcxproj" on node 2 (Build target(s)).
     1>ClCompile:
         C:\Program Files (x86)\Microsoft Visual Studio 12.0\VC\bin\CL.exe /c /Zi /nologo /W3 /WX- /sdl /O2 /Oi /Oy- /GL /D WIN32 /D NDEBUG /D _CONSOLE /D _LIB /D _UNICODE /D UNICODE /Gm- /EHsc /MD /GS /Gy /fp:precise /Zc:wchar_t /Zc:forScope /Fo"Release\\" /Fd"Release\vc120.pdb" /Gd /TP /analyze- /errorReport:prompt Box.cpp FluidParticle.cpp main.cpp Model.cpp Plane.cpp SkyBox.cpp textfile.cpp
         Box.cpp
     1>c:\users\marcus\documents\github\screenspacedfluidrendering\screenspacedfluidrendering\Box.h(4): fatal error C1083: Cannot open include file: 'GL/glew.h': No such file or directory
         FluidParticle.cpp
     1>c:\users\marcus\documents\github\screenspacedfluidrendering\screenspacedfluidrendering\FluidParticle.h(6): fatal error C1083: Cannot open include file: 'GL/glew.h': No such file or directory
         main.cpp
     1>main.cpp(4): fatal error C1083: Cannot open include file: 'GL/glew.h': No such file or directory
         Model.cpp
     1>c:\users\marcus\documents\github\screenspacedfluidrendering\screenspacedfluidrendering\Model.h(3): fatal error C1083: Cannot open include file: 'GL\glew.h': No such file or directory
         Plane.cpp
     1>c:\users\marcus\documents\github\screenspacedfluidrendering\screenspacedfluidrendering\Plane.h(7): fatal error C1083: Cannot open include file: 'GL/glew.h': No such file or directory
         SkyBox.cpp
     1>c:\users\marcus\documents\github\screenspacedfluidrendering\screenspacedfluidrendering\SkyBox.h(5): fatal error C1083: Cannot open include file: 'GL\glew.h': No such file or directory
         textfile.cpp
     1>Done Building Project "C:\Users\Marcus\Documents\GitHub\ScreenSpacedFluidRendering\ScreenSpacedFluidRendering\ScreenSpacedFluidRendering.vcxproj" (Build target(s)) -- FAILED.

Build FAILED.

Time Elapsed 00:00:00.50
